<?xml version="1.0" encoding="UTF-8"?>
<!-- Generated by org.testng.reporters.JUnitXMLReporter -->
<testsuite hostname="DESKTOP-08PQLRT" ignored="0" name="Bhmio" tests="5" failures="0" timestamp="2022-10-08T12:31:10 IST" time="32.219" errors="0">
  <testcase name="verifyHomePageTitle_Test_001" time="0.036" classname="com.bhumio.workspace.testrunner.ProjectTestRunnner"/>
  <testcase name="verifyAddAProject_Test_002" time="2.864" classname="com.bhumio.workspace.testrunner.ProjectTestRunnner"/>
  <testcase name="verifyCopyCard_Test_003" time="3.01" classname="com.bhumio.workspace.testrunner.ProjectTestRunnner"/>
  <testcase name="verifyEditCard_Test_004" time="5.614" classname="com.bhumio.workspace.testrunner.ProjectTestRunnner"/>
  <testcase name="verifyDeleteCard_Test_005" time="2.926" classname="com.bhumio.workspace.testrunner.ProjectTestRunnner"/>
</testsuite> <!-- Bhmio -->
