<?xml version="1.0" encoding="UTF-8"?>
<!-- Generated by org.testng.reporters.JUnitXMLReporter -->
<testsuite hostname="DESKTOP-08PQLRT" ignored="4" name="Bhmio" tests="1" failures="0" timestamp="2022-10-08T11:58:57 IST" time="8.049" errors="0">
  <testcase name="verifyAddAProject_Test_002" time="2.928" classname="com.bhumio.workspace.testrunner.ProjectTestRunnner"/>
  <testcase name="verifyEditCard_Test_004" time="0.0" classname="com.bhumio.workspace.testrunner.ProjectTestRunnner">
    <ignored/>
  </testcase> <!-- verifyEditCard_Test_004 -->
  <testcase name="verifyHomePageTitle_Test_001" time="0.0" classname="com.bhumio.workspace.testrunner.ProjectTestRunnner">
    <ignored/>
  </testcase> <!-- verifyHomePageTitle_Test_001 -->
  <testcase name="verifyCopyCard_Test_003" time="0.0" classname="com.bhumio.workspace.testrunner.ProjectTestRunnner">
    <ignored/>
  </testcase> <!-- verifyCopyCard_Test_003 -->
  <testcase name="verifyDeleteCard_Test_005" time="0.0" classname="com.bhumio.workspace.testrunner.ProjectTestRunnner">
    <ignored/>
  </testcase> <!-- verifyDeleteCard_Test_005 -->
</testsuite> <!-- Bhmio -->
