<?xml version="1.0" encoding="UTF-8"?>
<testng-results skipped="0" failed="0" ignored="4" total="5" passed="1">
  <reporter-output>
    <line>
      <![CDATA[Welcome to test automation execution]]>
    </line>
    <line>
      <![CDATA[Test is running in chrome and runmode as local]]>
    </line>
    <line>
      <![CDATA[com.bhumio.workspace.testrunner.ProjectTestRunnner started execution]]>
    </line>
    <line>
      <![CDATA[verifyAddAProject_Test_002 started execution]]>
    </line>
    <line>
      <![CDATA[chrome browser is opened]]>
    </line>
    <line>
      <![CDATA[Clicked on Add a Project]]>
    </line>
    <line>
      <![CDATA[Entered Bhumio]]>
    </line>
    <line>
      <![CDATA[Project Budget100000is Entered]]>
    </line>
    <line>
      <![CDATA[Entered Deadline 11/08/2023 09:00 pm]]>
    </line>
    <line>
      <![CDATA[Clicked on Add to add a Project]]>
    </line>
    <line>
      <![CDATA[null result execution status passed is = true]]>
    </line>
    <line>
      <![CDATA[verifyAddAProject_Test_002 execution is completed]]>
    </line>
    <line>
      <![CDATA[chrome is closed]]>
    </line>
    <line>
      <![CDATA[com.bhumio.workspace.testrunner.ProjectTestRunnner completed execution]]>
    </line>
    <line>
      <![CDATA[All Tests completed on browserchrome]]>
    </line>
    <line>
      <![CDATA[All Tests Completed - Reports are available in target/surefire-reports/emailable-report.html]]>
    </line>
    <line>
      <![CDATA[Screenshots are available in src/resources/screenshots folder]]>
    </line>
  </reporter-output>
  <suite name="Default Suite" duration-ms="8049" started-at="2022-10-08T11:58:49 IST" finished-at="2022-10-08T11:58:57 IST">
    <groups>
    </groups>
    <test name="Bhmio" duration-ms="8049" started-at="2022-10-08T11:58:49 IST" finished-at="2022-10-08T11:58:57 IST">
      <class name="com.bhumio.workspace.testrunner.ProjectTestRunnner">
        <test-method status="PASS" signature="beforeSuite()[pri:0, instance:com.bhumio.workspace.testrunner.ProjectTestRunnner@1d29cf23]" name="beforeSuite" is-config="true" duration-ms="10" started-at="2022-10-08T11:58:49 IST" finished-at="2022-10-08T11:58:49 IST">
          <reporter-output>
            <line>
              <![CDATA[Welcome to test automation execution]]>
            </line>
          </reporter-output>
        </test-method> <!-- beforeSuite -->
        <test-method status="PASS" signature="readTestConfig(java.lang.String,java.lang.String)[pri:0, instance:com.bhumio.workspace.testrunner.ProjectTestRunnner@1d29cf23]" name="readTestConfig" is-config="true" duration-ms="22" started-at="2022-10-08T11:58:49 IST" finished-at="2022-10-08T11:58:49 IST">
          <params>
            <param index="0">
              <value>
                <![CDATA[chrome]]>
              </value>
            </param>
            <param index="1">
              <value>
                <![CDATA[local]]>
              </value>
            </param>
          </params>
          <reporter-output>
            <line>
              <![CDATA[Test is running in chrome and runmode as local]]>
            </line>
          </reporter-output>
        </test-method> <!-- readTestConfig -->
        <test-method status="PASS" signature="classLogger()[pri:0, instance:com.bhumio.workspace.testrunner.ProjectTestRunnner@1d29cf23]" name="classLogger" is-config="true" duration-ms="0" started-at="2022-10-08T11:58:49 IST" finished-at="2022-10-08T11:58:49 IST">
          <reporter-output>
            <line>
              <![CDATA[com.bhumio.workspace.testrunner.ProjectTestRunnner started execution]]>
            </line>
          </reporter-output>
        </test-method> <!-- classLogger -->
        <test-method status="PASS" signature="init(java.lang.reflect.Method)[pri:0, instance:com.bhumio.workspace.testrunner.ProjectTestRunnner@1d29cf23]" name="init" is-config="true" duration-ms="4328" started-at="2022-10-08T11:58:49 IST" finished-at="2022-10-08T11:58:54 IST">
          <params>
            <param index="0">
              <value>
                <![CDATA[public void com.bhumio.workspace.testrunner.ProjectTestRunnner.verifyAddAProject_Test_002() throws java.lang.InterruptedException]]>
              </value>
            </param>
          </params>
          <reporter-output>
            <line>
              <![CDATA[verifyAddAProject_Test_002 started execution]]>
            </line>
            <line>
              <![CDATA[chrome browser is opened]]>
            </line>
          </reporter-output>
        </test-method> <!-- init -->
        <test-method status="PASS" signature="verifyAddAProject_Test_002()[pri:0, instance:com.bhumio.workspace.testrunner.ProjectTestRunnner@1d29cf23]" name="verifyAddAProject_Test_002" duration-ms="2928" started-at="2022-10-08T11:58:54 IST" finished-at="2022-10-08T11:58:56 IST">
          <reporter-output>
            <line>
              <![CDATA[Clicked on Add a Project]]>
            </line>
            <line>
              <![CDATA[Entered Bhumio]]>
            </line>
            <line>
              <![CDATA[Project Budget100000is Entered]]>
            </line>
            <line>
              <![CDATA[Entered Deadline 11/08/2023 09:00 pm]]>
            </line>
            <line>
              <![CDATA[Clicked on Add to add a Project]]>
            </line>
          </reporter-output>
        </test-method> <!-- verifyAddAProject_Test_002 -->
        <test-method status="PASS" signature="closure(org.testng.ITestResult,java.lang.reflect.Method)[pri:0, instance:com.bhumio.workspace.testrunner.ProjectTestRunnner@1d29cf23]" name="closure" is-config="true" duration-ms="718" started-at="2022-10-08T11:58:56 IST" finished-at="2022-10-08T11:58:57 IST">
          <params>
            <param index="0">
              <value>
                <![CDATA[[TestResult name=verifyAddAProject_Test_002 status=SUCCESS method=ProjectTestRunnner.verifyAddAProject_Test_002()[pri:0, instance:com.bhumio.workspace.testrunner.ProjectTestRunnner@1d29cf23] output=Clicked on Add a Project]]]>
              </value>
            </param>
            <param index="1">
              <value>
                <![CDATA[public void com.bhumio.workspace.testrunner.ProjectTestRunnner.verifyAddAProject_Test_002() throws java.lang.InterruptedException]]>
              </value>
            </param>
          </params>
          <reporter-output>
            <line>
              <![CDATA[null result execution status passed is = true]]>
            </line>
            <line>
              <![CDATA[verifyAddAProject_Test_002 execution is completed]]>
            </line>
            <line>
              <![CDATA[chrome is closed]]>
            </line>
          </reporter-output>
        </test-method> <!-- closure -->
        <test-method status="PASS" signature="classClosure()[pri:0, instance:com.bhumio.workspace.testrunner.ProjectTestRunnner@1d29cf23]" name="classClosure" is-config="true" duration-ms="2" started-at="2022-10-08T11:58:57 IST" finished-at="2022-10-08T11:58:57 IST">
          <reporter-output>
            <line>
              <![CDATA[com.bhumio.workspace.testrunner.ProjectTestRunnner completed execution]]>
            </line>
          </reporter-output>
        </test-method> <!-- classClosure -->
        <test-method status="PASS" signature="testClosure()[pri:0, instance:com.bhumio.workspace.testrunner.ProjectTestRunnner@1d29cf23]" name="testClosure" is-config="true" duration-ms="2" started-at="2022-10-08T11:58:57 IST" finished-at="2022-10-08T11:58:57 IST">
          <reporter-output>
            <line>
              <![CDATA[All Tests completed on browserchrome]]>
            </line>
          </reporter-output>
        </test-method> <!-- testClosure -->
        <test-method status="PASS" signature="executionCompleted()[pri:0, instance:com.bhumio.workspace.testrunner.ProjectTestRunnner@1d29cf23]" name="executionCompleted" is-config="true" duration-ms="0" started-at="2022-10-08T11:58:57 IST" finished-at="2022-10-08T11:58:57 IST">
          <reporter-output>
            <line>
              <![CDATA[All Tests Completed - Reports are available in target/surefire-reports/emailable-report.html]]>
            </line>
            <line>
              <![CDATA[Screenshots are available in src/resources/screenshots folder]]>
            </line>
          </reporter-output>
        </test-method> <!-- executionCompleted -->
      </class> <!-- com.bhumio.workspace.testrunner.ProjectTestRunnner -->
    </test> <!-- Bhmio -->
  </suite> <!-- Default Suite -->
</testng-results>
